<?xml version="1.0" encoding="utf-8"?><testsuites name="pytest tests"><testsuite name="pytest" errors="0" failures="0" skipped="0" tests="22" time="4.952" timestamp="2026-06-08T20:48:44.546114+00:00" hostname="agent-env-d827e6df-7028-4a8a-ad74-a91b3ae0cc88"><testcase classname="backend.tests.backend_test.TestPublicEntries" name="test_list_entries_returns_approved" time="0.164" /><testcase classname="backend.tests.backend_test.TestPublicEntries" name="test_search_by_keyword" time="0.119" /><testcase classname="backend.tests.backend_test.TestPublicEntries" name="test_get_entry_by_slug" time="0.240" /><testcase classname="backend.tests.backend_test.TestPublicEntries" name="test_get_entry_invalid_slug_404" time="0.120" /><testcase classname="backend.tests.backend_test.TestSubmissions" name="test_create_submission_pending" time="0.413" /><testcase classname="backend.tests.backend_test.TestSubmissions" name="test_quote_too_short_422" time="0.109" /><testcase classname="backend.tests.backend_test.TestSubmissions" name="test_missing_sources_422" time="0.138" /><testcase classname="backend.tests.backend_test.TestSubmissions" name="test_bad_source_url_422" time="0.153" /><testcase classname="backend.tests.backend_test.TestAuthGuard" name="test_stats_requires_auth" time="0.109" /><testcase classname="backend.tests.backend_test.TestAuthGuard" name="test_mod_entries_requires_auth" time="0.132" /><testcase classname="backend.tests.backend_test.TestAuthGuard" name="test_invalid_token_401" time="0.127" /><testcase classname="backend.tests.backend_test.TestAuthGuard" name="test_auth_me" time="0.120" /><testcase classname="backend.tests.backend_test.TestModeratorFlows" name="test_stats" time="0.138" /><testcase classname="backend.tests.backend_test.TestModeratorFlows" name="test_list_pending" time="0.230" /><testcase classname="backend.tests.backend_test.TestModeratorFlows" name="test_approve_creates_slug_and_publishes" time="0.871" /><testcase classname="backend.tests.backend_test.TestModeratorFlows" name="test_edit_entry_persists" time="0.255" /><testcase classname="backend.tests.backend_test.TestModeratorFlows" name="test_unpublish_moves_to_pending" time="0.277" /><testcase classname="backend.tests.backend_test.TestModeratorFlows" name="test_reject_with_reason" time="0.250" /><testcase classname="backend.tests.backend_test.TestModeratorManagement" name="test_list_moderators_has_me" time="0.117" /><testcase classname="backend.tests.backend_test.TestModeratorManagement" name="test_add_moderator" time="0.381" /><testcase classname="backend.tests.backend_test.TestModeratorManagement" name="test_cannot_remove_self" time="0.134" /><testcase classname="backend.tests.backend_test.TestModeratorManagement" name="test_remove_added_moderator" time="0.262" /></testsuite></testsuites>